<?xml version="1.0" encoding="UTF-8"?>
<!-- Generated by org.testng.reporters.JUnitReportReporter -->
<testsuite hostname="DESKTOP-8QTCEHK" failures="0" tests="6" name="api.test.DDTests" time="11.654" errors="0" timestamp="2024-10-07T22:55:37 IST" skipped="0">
  <testcase classname="api.test.DDTests" name="testPostuser" time="5.936"/>
  <testcase classname="api.test.DDTests" name="testPostuser" time="1.165"/>
  <testcase classname="api.test.DDTests" name="testPostuser" time="1.166"/>
  <testcase classname="api.test.DDTests" name="testDeleteUserByName" time="1.102"/>
  <testcase classname="api.test.DDTests" name="testDeleteUserByName" time="1.191"/>
  <testcase classname="api.test.DDTests" name="testDeleteUserByName" time="1.094"/>
</testsuite> <!-- api.test.DDTests -->
