<?xml version="1.0" encoding="UTF-8"?>
<!-- Generated by org.testng.reporters.JUnitReportReporter -->
<testsuite hostname="DESKTOP-8QTCEHK" failures="0" tests="4" name="api.test.UserTests" time="9.117" errors="0" timestamp="2024-10-08T11:34:16 IST" skipped="0">
  <testcase classname="api.test.UserTests" name="testPostUser" time="3.330"/>
  <testcase classname="api.test.UserTests" name="testGetUser" time="1.277"/>
  <testcase classname="api.test.UserTests" name="testUpdateUser" time="3.300"/>
  <testcase classname="api.test.UserTests" name="testDeleteUser" time="1.210"/>
</testsuite> <!-- api.test.UserTests -->
