<?xml version="1.0" encoding="UTF-8"?>
<!-- Generated by org.testng.reporters.JUnitReportReporter -->
<testsuite hostname="DESKTOP-8QTCEHK" failures="0" tests="4" name="api.test.UserTests" time="10.976" errors="0" timestamp="2024-10-08T12:13:11 IST" skipped="0">
  <testcase classname="api.test.UserTests" name="testPostUser" time="4.991"/>
  <testcase classname="api.test.UserTests" name="testGetUser" time="1.249"/>
  <testcase classname="api.test.UserTests" name="testUpdateUser" time="3.550"/>
  <testcase classname="api.test.UserTests" name="testDeleteUser" time="1.186"/>
</testsuite> <!-- api.test.UserTests -->
